[LOG_LEVEL_INFO][2020-01-17 23:10:35]MainFrmDealMsg.cs 39: Init udp success
[LOG_LEVEL_INFO][2020-01-17 23:10:35]MainFrmDealMsg.cs 26: Init tcp success
[LOG_LEVEL_INFO][2020-01-17 23:10:35]MainFrm.cs 131: load friends list success
[LOG_LEVEL_INFO][2020-01-17 23:22:56]MainFrmDealMsg.cs 39: Init udp success
[LOG_LEVEL_INFO][2020-01-17 23:22:56]MainFrmDealMsg.cs 26: Init tcp success
[LOG_LEVEL_INFO][2020-01-17 23:22:56]MainFrm.cs 131: load friends list success
[LOG_LEVEL_INFO][2020-01-17 23:22:58]MainFrm.cs 227: self head click
[LOG_LEVEL_INFO][2020-01-17 23:37:42]MainFrmDealMsg.cs 39: Init udp success
[LOG_LEVEL_INFO][2020-01-17 23:37:42]MainFrmDealMsg.cs 26: Init tcp success
[LOG_LEVEL_INFO][2020-01-17 23:37:42]MainFrm.cs 131: load friends list success
[LOG_LEVEL_INFO][2020-01-17 23:37:44]MainFrm.cs 227: self head click
[LOG_LEVEL_INFO][2020-01-17 23:38:04]UserInfoFrm.cs 140: self head changed
[LOG_LEVEL_INFO][2020-01-17 23:38:06]MainFrmTopCallback.cs 188: nickname changed. old:99999, new:subtask
[LOG_LEVEL_INFO][2020-01-17 23:38:27]MainFrmTopCallback.cs 176: group:friends -> mates
[LOG_LEVEL_INFO][2020-01-17 23:42:03]MainFrmDealMsg.cs 39: Init udp success
[LOG_LEVEL_INFO][2020-01-17 23:42:03]MainFrmDealMsg.cs 26: Init tcp success
[LOG_LEVEL_INFO][2020-01-17 23:42:03]MainFrm.cs 131: load friends list success
[LOG_LEVEL_INFO][2020-01-17 23:42:05]MainFrm.cs 227: self head click
[LOG_LEVEL_INFO][2020-01-17 23:42:20]MainFrmTopCallback.cs 188: nickname changed:process -> presuccess
[LOG_LEVEL_INFO][2020-01-17 23:42:33]MainFrmTopCallback.cs 176: groupname changed:friends -> gogogo
[LOG_LEVEL_INFO][2020-01-17 23:54:37]MainFrmDealMsg.cs 39: Init udp success
[LOG_LEVEL_INFO][2020-01-17 23:54:37]MainFrmDealMsg.cs 26: Init tcp success
[LOG_LEVEL_INFO][2020-01-17 23:54:37]MainFrm.cs 131: load friends list success
[LOG_LEVEL_INFO][2020-01-17 23:54:47]MainFrmTopCallback.cs 155: signature changed:slow walker -> slower...
[LOG_LEVEL_INFO][2020-01-17 23:54:55]MainFrmTopCallback.cs 155: signature changed:slower... -> slower walker
[LOG_LEVEL_INFO][2020-01-17 23:54:58]MainFrmTopCallback.cs 155: signature changed:slower walker -> slower walkers
[LOG_LEVEL_INFO][2020-01-18 00:02:16]MainFrmDealMsg.cs 39: Init udp success
[LOG_LEVEL_INFO][2020-01-18 00:02:16]MainFrmDealMsg.cs 26: Init tcp success
[LOG_LEVEL_INFO][2020-01-18 00:02:16]MainFrm.cs 131: load friends list success
[LOG_LEVEL_INFO][2020-01-18 00:02:19]MainFrmTopCallback.cs 226: status changed:OffLine -> Online
[LOG_LEVEL_INFO][2020-01-18 00:02:21]MainFrmTopCallback.cs 226: status changed:Online -> Away
[LOG_LEVEL_INFO][2020-01-18 00:02:22]MainFrmTopCallback.cs 226: status changed:Away -> OffLine
[LOG_LEVEL_INFO][2020-01-18 00:02:24]MainFrmTopCallback.cs 226: status changed:OffLine -> DontDisturb
[LOG_LEVEL_INFO][2020-01-18 00:02:25]MainFrmTopCallback.cs 226: status changed:DontDisturb -> Busy
[LOG_LEVEL_INFO][2020-01-18 00:02:27]MainFrmTopCallback.cs 226: status changed:Busy -> Away
[LOG_LEVEL_INFO][2020-01-18 11:31:57]MainFrmDealMsg.cs 39: Init udp success
[LOG_LEVEL_INFO][2020-01-18 11:31:57]MainFrmDealMsg.cs 26: Init tcp success
[LOG_LEVEL_INFO][2020-01-18 11:31:57]MainFrm.cs 131: load friends list success
[LOG_LEVEL_INFO][2020-01-18 11:32:00]MainFrm.cs 227: self head click
[LOG_LEVEL_INFO][2020-01-18 11:32:06]MainFrmTopCallback.cs 190: nickname changed:subtask -> ttt
[LOG_LEVEL_INFO][2020-01-18 11:32:22]MainFrmTopCallback.cs 226: status changed:OffLine -> Busy
[LOG_LEVEL_INFO][2020-01-18 12:15:09]MainFrmDealMsg.cs 39: Init udp success
[LOG_LEVEL_INFO][2020-01-18 12:15:09]MainFrmDealMsg.cs 26: Init tcp success
[LOG_LEVEL_INFO][2020-01-18 12:15:09]MainFrm.cs 131: load friends list success
[LOG_LEVEL_INFO][2020-01-18 12:18:58]MainFrmDealMsg.cs 39: Init udp success
[LOG_LEVEL_INFO][2020-01-18 12:18:58]MainFrmDealMsg.cs 26: Init tcp success
[LOG_LEVEL_INFO][2020-01-18 12:18:58]MainFrm.cs 135: load friends list success
[LOG_LEVEL_INFO][2020-01-18 12:19:02]MainFrmTopCallback.cs 226: status changed:OffLine -> QMe
[LOG_LEVEL_INFO][2020-01-18 12:19:04]MainFrmTopCallback.cs 226: status changed:QMe -> Away
[LOG_LEVEL_INFO][2020-01-18 12:19:05]MainFrm.cs 231: self head click
[LOG_LEVEL_INFO][2020-01-18 12:19:12]MainFrmTopCallback.cs 226: status changed:Away -> DontDisturb
[LOG_LEVEL_INFO][2020-01-18 12:19:13]MainFrmTopCallback.cs 226: status changed:DontDisturb -> OffLine
[LOG_LEVEL_INFO][2020-01-18 12:22:58]MainFrmDealMsg.cs 39: Init udp success
[LOG_LEVEL_INFO][2020-01-18 12:22:58]MainFrmDealMsg.cs 26: Init tcp success
[LOG_LEVEL_INFO][2020-01-18 12:22:58]MainFrm.cs 138: load friends list success
[LOG_LEVEL_INFO][2020-01-18 12:25:41]MainFrmDealMsg.cs 39: Init udp success
[LOG_LEVEL_INFO][2020-01-18 12:25:41]MainFrmDealMsg.cs 26: Init tcp success
[LOG_LEVEL_INFO][2020-01-18 12:25:41]MainFrm.cs 138: load friends list success
[LOG_LEVEL_INFO][2020-01-18 12:25:46]MainFrmTopCallback.cs 226: status changed:Online -> Away
[LOG_LEVEL_INFO][2020-01-18 12:26:01]MainFrmDealMsg.cs 39: Init udp success
[LOG_LEVEL_INFO][2020-01-18 12:26:01]MainFrmDealMsg.cs 26: Init tcp success
[LOG_LEVEL_INFO][2020-01-18 12:26:01]MainFrm.cs 138: load friends list success
[LOG_LEVEL_INFO][2020-01-18 12:29:50]MainFrmDealMsg.cs 39: Init udp success
[LOG_LEVEL_INFO][2020-01-18 12:29:50]MainFrmDealMsg.cs 26: Init tcp success
[LOG_LEVEL_INFO][2020-01-18 12:29:50]MainFrm.cs 138: load friends list success
[LOG_LEVEL_INFO][2020-01-18 12:29:55]MainFrmTopCallback.cs 226: status changed:DontDisturb -> Busy
[LOG_LEVEL_INFO][2020-01-18 12:29:57]MainFrmTopCallback.cs 226: status changed:Busy -> OffLine
[LOG_LEVEL_INFO][2020-01-18 12:29:59]MainFrmTopCallback.cs 226: status changed:OffLine -> DontDisturb
[LOG_LEVEL_INFO][2020-01-18 12:30:02]MainFrmTopCallback.cs 226: status changed:DontDisturb -> Away
[LOG_LEVEL_INFO][2020-01-18 12:30:18]MainFrmDealMsg.cs 39: Init udp success
[LOG_LEVEL_INFO][2020-01-18 12:30:18]MainFrmDealMsg.cs 26: Init tcp success
[LOG_LEVEL_INFO][2020-01-18 12:30:18]MainFrm.cs 138: load friends list success
[LOG_LEVEL_INFO][2020-01-18 12:30:22]MainFrmTopCallback.cs 226: status changed:Away -> QMe
[LOG_LEVEL_INFO][2020-01-18 12:30:35]MainFrm.cs 234: self head click
[LOG_LEVEL_INFO][2020-01-18 12:52:11]MainFrmDealMsg.cs 39: Init udp success
[LOG_LEVEL_INFO][2020-01-18 12:52:11]MainFrmDealMsg.cs 26: Init tcp success
[LOG_LEVEL_INFO][2020-01-18 12:52:11]MainFrm.cs 138: load friends list success
[LOG_LEVEL_INFO][2020-01-18 12:52:25]MainFrmTopCallback.cs 226: status changed:Online -> Away
[LOG_LEVEL_INFO][2020-01-18 12:52:26]MainFrmTopCallback.cs 226: status changed:Away -> DontDisturb
[LOG_LEVEL_INFO][2020-01-18 12:52:29]MainFrmTopCallback.cs 226: status changed:DontDisturb -> OffLine
[LOG_LEVEL_INFO][2020-01-18 12:52:40]MainFrmTopCallback.cs 226: status changed:OffLine -> Away
[LOG_LEVEL_INFO][2020-01-18 12:52:42]MainFrmTopCallback.cs 226: status changed:Away -> Away
[LOG_LEVEL_INFO][2020-01-18 12:52:44]MainFrmTopCallback.cs 226: status changed:Away -> Busy
[LOG_LEVEL_INFO][2020-01-18 12:52:51]MainFrm.cs 234: self head click
[LOG_LEVEL_INFO][2020-01-18 12:53:18]UserInfoFrm.cs 140: self head changed
[LOG_LEVEL_INFO][2020-01-18 12:53:43]MainFrmDealMsg.cs 39: Init udp success
[LOG_LEVEL_INFO][2020-01-18 12:53:43]MainFrmDealMsg.cs 26: Init tcp success
[LOG_LEVEL_INFO][2020-01-18 12:53:43]MainFrm.cs 138: load friends list success
[LOG_LEVEL_INFO][2020-01-18 12:53:46]MainFrmTopCallback.cs 226: status changed:Online -> Busy
[LOG_LEVEL_INFO][2020-01-18 12:53:48]MainFrmTopCallback.cs 226: status changed:Busy -> DontDisturb
[LOG_LEVEL_INFO][2020-01-18 12:53:50]MainFrm.cs 234: self head click
[LOG_LEVEL_INFO][2020-01-18 12:53:54]UserInfoFrm.cs 140: self head changed
[LOG_LEVEL_INFO][2020-01-18 12:54:29]MainFrmDealMsg.cs 39: Init udp success
[LOG_LEVEL_INFO][2020-01-18 12:54:29]MainFrmDealMsg.cs 26: Init tcp success
[LOG_LEVEL_INFO][2020-01-18 12:54:29]MainFrm.cs 138: load friends list success
[LOG_LEVEL_INFO][2020-01-18 12:54:55]MainFrm.cs 234: self head click
[LOG_LEVEL_ERROR][2020-02-15 21:03:10]LoginFrm.cs 47: LogFrm: username or passowrd are incorrect
[LOG_LEVEL_INFO][2020-02-15 21:03:16]MainFrmDealMsg.cs 39: Init udp success
[LOG_LEVEL_INFO][2020-02-15 21:03:16]MainFrmDealMsg.cs 26: Init tcp success
[LOG_LEVEL_INFO][2020-02-15 21:03:16]MainFrm.cs 138: load friends list success
[LOG_LEVEL_INFO][2020-02-15 21:03:28]MainFrm.cs 234: self head click
[LOG_LEVEL_INFO][2020-02-15 21:04:00]MainFrmTopCallback.cs 155: signature changed:slower walkers -> slower walkers
[LOG_LEVEL_INFO][2020-02-15 21:04:01]MainFrmTopCallback.cs 155: signature changed:slower walkers -> slower walkers
[LOG_LEVEL_INFO][2020-02-15 21:04:02]MainFrmTopCallback.cs 155: signature changed:slower walkers -> slower walkers
[LOG_LEVEL_INFO][2020-02-15 21:04:31]MainFrm.cs 234: self head click
[LOG_LEVEL_INFO][2020-02-15 21:04:34]MainFrmTopCallback.cs 226: status changed:DontDisturb -> Busy
[LOG_LEVEL_INFO][2020-02-15 21:04:36]MainFrmTopCallback.cs 226: status changed:Busy -> OffLine
[LOG_LEVEL_INFO][2020-02-15 21:04:38]MainFrmTopCallback.cs 226: status changed:OffLine -> DontDisturb
[LOG_LEVEL_INFO][2020-02-15 21:04:39]MainFrm.cs 234: self head click
[LOG_LEVEL_INFO][2020-02-15 21:05:19]MainFrmDealMsg.cs 39: Init udp success
[LOG_LEVEL_INFO][2020-02-15 21:05:19]MainFrmDealMsg.cs 26: Init tcp success
[LOG_LEVEL_INFO][2020-02-15 21:05:19]MainFrm.cs 138: load friends list success
[LOG_LEVEL_ERROR][2020-02-15 21:12:53]LoginFrm.cs 47: LogFrm: username or passowrd are incorrect
[LOG_LEVEL_INFO][2020-02-15 21:13:01]MainFrmDealMsg.cs 39: Init udp success
[LOG_LEVEL_INFO][2020-02-15 21:13:01]MainFrmDealMsg.cs 26: Init tcp success
[LOG_LEVEL_INFO][2020-02-15 21:13:01]MainFrm.cs 138: load friends list success
[LOG_LEVEL_INFO][2020-02-15 21:52:29]MainFrmDealMsg.cs 39: Init udp success
[LOG_LEVEL_INFO][2020-02-15 21:52:29]MainFrmDealMsg.cs 26: Init tcp success
[LOG_LEVEL_INFO][2020-02-15 21:52:29]MainFrm.cs 138: load friends list success
[LOG_LEVEL_INFO][2020-02-16 13:18:48]MainFrmDealMsg.cs 39: Init udp success
[LOG_LEVEL_INFO][2020-02-16 13:18:48]MainFrmDealMsg.cs 26: Init tcp success
[LOG_LEVEL_INFO][2020-02-16 13:18:48]MainFrm.cs 138: load friends list success
[LOG_LEVEL_INFO][2020-02-16 13:19:42]MainFrmTopCallback.cs 226: status changed:Away -> DontDisturb
[LOG_LEVEL_INFO][2020-02-16 13:19:58]MainFrmTopCallback.cs 226: status changed:DontDisturb -> Busy
[LOG_LEVEL_INFO][2020-02-20 21:50:21]MainFrmDealMsg.cs 39: Init udp success
[LOG_LEVEL_INFO][2020-02-20 21:50:21]MainFrmDealMsg.cs 26: Init tcp success
[LOG_LEVEL_INFO][2020-02-20 21:50:21]MainFrm.cs 138: load friends list success
[LOG_LEVEL_INFO][2020-02-21 10:22:24]MainFrmDealMsg.cs 39: Init udp success
[LOG_LEVEL_INFO][2020-02-21 10:22:24]MainFrmDealMsg.cs 26: Init tcp success
[LOG_LEVEL_INFO][2020-02-21 10:22:24]MainFrm.cs 138: load friends list success
[LOG_LEVEL_INFO][2020-02-21 10:22:26]MainFrm.cs 234: self head click
[LOG_LEVEL_INFO][2020-02-21 11:48:01]MainFrmDealMsg.cs 39: Init udp success
[LOG_LEVEL_INFO][2020-02-21 11:48:01]MainFrmDealMsg.cs 26: Init tcp success
[LOG_LEVEL_INFO][2020-02-21 11:48:01]MainFrm.cs 138: load friends list success
[LOG_LEVEL_INFO][2020-02-21 12:05:15]MainFrmDealMsg.cs 39: Init udp success
[LOG_LEVEL_INFO][2020-02-21 12:05:15]MainFrmDealMsg.cs 26: Init tcp success
[LOG_LEVEL_INFO][2020-02-21 12:05:15]MainFrm.cs 138: load friends list success
[LOG_LEVEL_INFO][2020-02-21 12:12:15]MainFrmDealMsg.cs 39: Init udp success
[LOG_LEVEL_INFO][2020-02-21 12:12:15]MainFrmDealMsg.cs 26: Init tcp success
[LOG_LEVEL_INFO][2020-02-21 12:12:15]MainFrm.cs 138: load friends list success
[LOG_LEVEL_INFO][2020-02-21 12:13:36]MainFrmDealMsg.cs 39: Init udp success
[LOG_LEVEL_INFO][2020-02-21 12:13:36]MainFrmDealMsg.cs 26: Init tcp success
[LOG_LEVEL_INFO][2020-02-21 12:13:36]MainFrm.cs 138: load friends list success
[LOG_LEVEL_INFO][2020-02-21 12:20:08]MainFrmDealMsg.cs 39: Init udp success
[LOG_LEVEL_INFO][2020-02-21 12:20:08]MainFrmDealMsg.cs 26: Init tcp success
[LOG_LEVEL_INFO][2020-02-21 12:20:08]MainFrm.cs 138: load friends list success
[LOG_LEVEL_INFO][2020-02-21 21:59:28]MainFrmDealMsg.cs 39: Init udp success
[LOG_LEVEL_INFO][2020-02-21 21:59:28]MainFrmDealMsg.cs 26: Init tcp success
[LOG_LEVEL_INFO][2020-02-21 21:59:28]MainFrm.cs 138: load friends list success
[LOG_LEVEL_INFO][2020-02-21 22:02:36]MainFrmDealMsg.cs 39: Init udp success
[LOG_LEVEL_INFO][2020-02-21 22:02:36]MainFrmDealMsg.cs 26: Init tcp success
[LOG_LEVEL_INFO][2020-02-21 22:02:36]MainFrm.cs 138: load friends list success
[LOG_LEVEL_INFO][2020-02-21 22:02:55]MainFrm.cs 234: self head click
[LOG_LEVEL_INFO][2020-02-21 22:03:17]MainFrm.cs 234: self head click
[LOG_LEVEL_INFO][2020-02-21 22:04:56]MainFrmDealMsg.cs 39: Init udp success
[LOG_LEVEL_INFO][2020-02-21 22:04:56]MainFrmDealMsg.cs 26: Init tcp success
[LOG_LEVEL_INFO][2020-02-21 22:04:56]MainFrm.cs 138: load friends list success
[LOG_LEVEL_INFO][2020-02-21 22:05:19]MainFrmDealMsg.cs 39: Init udp success
[LOG_LEVEL_INFO][2020-02-21 22:05:19]MainFrmDealMsg.cs 26: Init tcp success
[LOG_LEVEL_INFO][2020-02-21 22:05:19]MainFrm.cs 138: load friends list success
[LOG_LEVEL_INFO][2020-02-21 22:10:19]MainFrmDealMsg.cs 39: Init udp success
[LOG_LEVEL_INFO][2020-02-21 22:10:19]MainFrmDealMsg.cs 26: Init tcp success
[LOG_LEVEL_INFO][2020-02-21 22:10:19]MainFrm.cs 86: query no friends
[LOG_LEVEL_INFO][2020-02-21 22:10:55]MainFrm.cs 234: self head click
[LOG_LEVEL_INFO][2020-02-22 09:59:42]MainFrmDealMsg.cs 39: Init udp success
[LOG_LEVEL_INFO][2020-02-22 09:59:42]MainFrmDealMsg.cs 26: Init tcp success
[LOG_LEVEL_INFO][2020-02-22 09:59:43]MainFrm.cs 138: load friends list success
[LOG_LEVEL_INFO][2020-02-22 10:01:46]MainFrmDealMsg.cs 39: Init udp success
[LOG_LEVEL_INFO][2020-02-22 10:01:46]MainFrmDealMsg.cs 26: Init tcp success
[LOG_LEVEL_INFO][2020-02-22 10:01:46]MainFrm.cs 138: load friends list success
[LOG_LEVEL_INFO][2020-02-22 10:02:15]MainFrmDealMsg.cs 39: Init udp success
[LOG_LEVEL_INFO][2020-02-22 10:02:15]MainFrmDealMsg.cs 26: Init tcp success
[LOG_LEVEL_INFO][2020-02-22 10:02:15]MainFrm.cs 138: load friends list success
[LOG_LEVEL_INFO][2020-02-22 10:02:47]MainFrmDealMsg.cs 39: Init udp success
[LOG_LEVEL_INFO][2020-02-22 10:02:47]MainFrmDealMsg.cs 26: Init tcp success
[LOG_LEVEL_INFO][2020-02-22 10:02:47]MainFrm.cs 138: load friends list success
[LOG_LEVEL_INFO][2020-02-22 10:20:12]MainFrmDealMsg.cs 39: Init udp success
[LOG_LEVEL_INFO][2020-02-22 10:20:12]MainFrmDealMsg.cs 26: Init tcp success
[LOG_LEVEL_INFO][2020-02-22 10:20:12]MainFrm.cs 138: load friends list success
[LOG_LEVEL_INFO][2020-02-22 10:31:20]MainFrmDealMsg.cs 39: Init udp success
[LOG_LEVEL_INFO][2020-02-22 10:31:20]MainFrmDealMsg.cs 26: Init tcp success
[LOG_LEVEL_INFO][2020-02-22 10:31:20]MainFrm.cs 138: load friends list success
[LOG_LEVEL_INFO][2020-02-22 10:52:24]MainFrmDealMsg.cs 39: Init udp success
[LOG_LEVEL_INFO][2020-02-22 10:52:24]MainFrmDealMsg.cs 26: Init tcp success
[LOG_LEVEL_INFO][2020-02-22 10:52:24]MainFrm.cs 138: load friends list success
[LOG_LEVEL_INFO][2020-02-22 10:52:50]MainFrmDealMsg.cs 39: Init udp success
[LOG_LEVEL_INFO][2020-02-22 10:52:50]MainFrmDealMsg.cs 26: Init tcp success
[LOG_LEVEL_INFO][2020-02-22 10:52:50]MainFrm.cs 138: load friends list success
